<?xml version="1.0" encoding="UTF-8"?>
<!-- Generated by org.testng.reporters.JUnitReportReporter -->
<testsuite hostname="BA-000311839" failures="0" tests="2" name="com.telus.tests.GetAndPostExample" time="3.492" errors="0" timestamp="2023-02-11T18:49:56 PST" skipped="0">
  <testcase classname="com.telus.tests.GetAndPostExample" name="testGet" time="2.854"/>
  <system-out/>
  <testcase classname="com.telus.tests.GetAndPostExample" name="testPost" time="0.638"/>
  <system-out/>
</testsuite> <!-- com.telus.tests.GetAndPostExample -->
