<?xml version="1.0" encoding="UTF-8"?>
<!-- Generated by org.testng.reporters.JUnitReportReporter -->
<testsuite hostname="BA-000311839" failures="0" tests="3" name="com.telus.tests.PutPatchDelete" time="2.956" errors="0" timestamp="2023-02-13T08:26:29 PST" skipped="0">
  <testcase classname="com.telus.tests.PutPatchDelete" name="testDelete" time="1.800"/>
  <system-out/>
  <testcase classname="com.telus.tests.PutPatchDelete" name="testPatch" time="0.559"/>
  <system-out/>
  <testcase classname="com.telus.tests.PutPatchDelete" name="testPost" time="0.597"/>
  <system-out/>
</testsuite> <!-- com.telus.tests.PutPatchDelete -->
